<?xml version="1.0" encoding="UTF-8"?>
<coverage generated="1652639220">
  <project timestamp="1652639220">
    <file name="D:\Proyectos\filmotek\src\Controller\ApiController\UserApiController.php">
      <class name="App\Controller\ApiController\UserApiController" namespace="global">
        <metrics complexity="5" methods="3" coveredmethods="2" conditionals="0" coveredconditionals="0" statements="23" coveredstatements="22" elements="26" coveredelements="24"/>
      </class>
      <line num="29" type="method" name="__construct" visibility="public" complexity="1" crap="1" count="1"/>
      <line num="31" type="stmt" count="1"/>
      <line num="32" type="stmt" count="1"/>
      <line num="40" type="method" name="postAction" visibility="public" complexity="3" crap="3.00" count="2"/>
      <line num="42" type="stmt" count="2"/>
      <line num="43" type="stmt" count="2"/>
      <line num="45" type="stmt" count="2"/>
      <line num="46" type="stmt" count="0"/>
      <line num="49" type="stmt" count="2"/>
      <line num="50" type="stmt" count="2"/>
      <line num="51" type="stmt" count="2"/>
      <line num="52" type="stmt" count="2"/>
      <line num="54" type="stmt" count="2"/>
      <line num="55" type="stmt" count="2"/>
      <line num="56" type="stmt" count="2"/>
      <line num="58" type="stmt" count="2"/>
      <line num="59" type="stmt" count="1"/>
      <line num="61" type="stmt" count="2"/>
      <line num="62" type="stmt" count="2"/>
      <line num="64" type="stmt" count="2"/>
      <line num="66" type="stmt" count="2"/>
      <line num="75" type="method" name="optionsAction" visibility="public" complexity="1" crap="1" count="1"/>
      <line num="77" type="stmt" count="1"/>
      <line num="78" type="stmt" count="1"/>
      <line num="80" type="stmt" count="1"/>
      <line num="84" type="stmt" count="1"/>
      <metrics loc="90" ncloc="76" classes="1" methods="3" coveredmethods="2" conditionals="0" coveredconditionals="0" statements="23" coveredstatements="22" elements="26" coveredelements="24"/>
    </file>
    <file name="D:\Proyectos\filmotek\src\Controller\AuthenticationController.php">
      <class name="App\Controller\AuthenticationController" namespace="global">
        <metrics complexity="5" methods="2" coveredmethods="0" conditionals="0" coveredconditionals="0" statements="21" coveredstatements="0" elements="23" coveredelements="0"/>
      </class>
      <line num="19" type="method" name="__construct" visibility="public" complexity="1" crap="2" count="0"/>
      <line num="21" type="stmt" count="0"/>
      <line num="29" type="method" name="signUp" visibility="public" complexity="4" crap="20" count="0"/>
      <line num="31" type="stmt" count="0"/>
      <line num="32" type="stmt" count="0"/>
      <line num="33" type="stmt" count="0"/>
      <line num="40" type="stmt" count="0"/>
      <line num="41" type="stmt" count="0"/>
      <line num="43" type="stmt" count="0"/>
      <line num="44" type="stmt" count="0"/>
      <line num="45" type="stmt" count="0"/>
      <line num="48" type="stmt" count="0"/>
      <line num="51" type="stmt" count="0"/>
      <line num="52" type="stmt" count="0"/>
      <line num="53" type="stmt" count="0"/>
      <line num="54" type="stmt" count="0"/>
      <line num="55" type="stmt" count="0"/>
      <line num="58" type="stmt" count="0"/>
      <line num="60" type="stmt" count="0"/>
      <line num="61" type="stmt" count="0"/>
      <line num="63" type="stmt" count="0"/>
      <line num="66" type="stmt" count="0"/>
      <line num="67" type="stmt" count="0"/>
      <metrics loc="71" ncloc="66" classes="1" methods="2" coveredmethods="0" conditionals="0" coveredconditionals="0" statements="21" coveredstatements="0" elements="23" coveredelements="0"/>
    </file>
    <file name="D:\Proyectos\filmotek\src\Controller\SearchController.php">
      <class name="App\Controller\SearchController" namespace="global">
        <metrics complexity="1" methods="1" coveredmethods="0" conditionals="0" coveredconditionals="0" statements="1" coveredstatements="0" elements="2" coveredelements="0"/>
      </class>
      <line num="14" type="method" name="search" visibility="public" complexity="1" crap="2" count="0"/>
      <line num="16" type="stmt" count="0"/>
      <metrics loc="18" ncloc="15" classes="1" methods="1" coveredmethods="0" conditionals="0" coveredconditionals="0" statements="1" coveredstatements="0" elements="2" coveredelements="0"/>
    </file>
    <file name="D:\Proyectos\filmotek\src\Entity\Comment.php">
      <class name="App\Entity\Comment" namespace="global">
        <metrics complexity="7" methods="7" coveredmethods="7" conditionals="0" coveredconditionals="0" statements="10" coveredstatements="10" elements="17" coveredelements="17"/>
      </class>
      <line num="51" type="method" name="getId" visibility="public" complexity="1" crap="1" count="1"/>
      <line num="53" type="stmt" count="1"/>
      <line num="56" type="method" name="getText" visibility="public" complexity="1" crap="1" count="1"/>
      <line num="58" type="stmt" count="1"/>
      <line num="61" type="method" name="setText" visibility="public" complexity="1" crap="1" count="1"/>
      <line num="63" type="stmt" count="1"/>
      <line num="65" type="stmt" count="1"/>
      <line num="68" type="method" name="getSeries" visibility="public" complexity="1" crap="1" count="1"/>
      <line num="70" type="stmt" count="1"/>
      <line num="73" type="method" name="setSeries" visibility="public" complexity="1" crap="1" count="1"/>
      <line num="75" type="stmt" count="1"/>
      <line num="77" type="stmt" count="1"/>
      <line num="80" type="method" name="getUser" visibility="public" complexity="1" crap="1" count="1"/>
      <line num="82" type="stmt" count="1"/>
      <line num="85" type="method" name="setUser" visibility="public" complexity="1" crap="1" count="1"/>
      <line num="87" type="stmt" count="1"/>
      <line num="89" type="stmt" count="1"/>
      <metrics loc="94" ncloc="60" classes="1" methods="7" coveredmethods="7" conditionals="0" coveredconditionals="0" statements="10" coveredstatements="10" elements="17" coveredelements="17"/>
    </file>
    <file name="D:\Proyectos\filmotek\src\Entity\Rating.php">
      <class name="App\Entity\Rating" namespace="global">
        <metrics complexity="7" methods="7" coveredmethods="7" conditionals="0" coveredconditionals="0" statements="10" coveredstatements="10" elements="17" coveredelements="17"/>
      </class>
      <line num="51" type="method" name="getId" visibility="public" complexity="1" crap="1" count="1"/>
      <line num="53" type="stmt" count="1"/>
      <line num="56" type="method" name="getValue" visibility="public" complexity="1" crap="1" count="1"/>
      <line num="58" type="stmt" count="1"/>
      <line num="61" type="method" name="setValue" visibility="public" complexity="1" crap="1" count="1"/>
      <line num="63" type="stmt" count="1"/>
      <line num="65" type="stmt" count="1"/>
      <line num="68" type="method" name="getSeries" visibility="public" complexity="1" crap="1" count="1"/>
      <line num="70" type="stmt" count="1"/>
      <line num="73" type="method" name="setSeries" visibility="public" complexity="1" crap="1" count="1"/>
      <line num="75" type="stmt" count="1"/>
      <line num="77" type="stmt" count="1"/>
      <line num="80" type="method" name="getUser" visibility="public" complexity="1" crap="1" count="1"/>
      <line num="82" type="stmt" count="1"/>
      <line num="85" type="method" name="setUser" visibility="public" complexity="1" crap="1" count="1"/>
      <line num="87" type="stmt" count="1"/>
      <line num="89" type="stmt" count="1"/>
      <metrics loc="94" ncloc="60" classes="1" methods="7" coveredmethods="7" conditionals="0" coveredconditionals="0" statements="10" coveredstatements="10" elements="17" coveredelements="17"/>
    </file>
    <file name="D:\Proyectos\filmotek\src\Entity\Series.php">
      <class name="App\Entity\Series" namespace="global">
        <metrics complexity="17" methods="17" coveredmethods="17" conditionals="0" coveredconditionals="0" statements="25" coveredstatements="25" elements="42" coveredelements="42"/>
      </class>
      <line num="81" type="method" name="getId" visibility="public" complexity="1" crap="1" count="1"/>
      <line num="83" type="stmt" count="1"/>
      <line num="86" type="method" name="getDataImdbId" visibility="public" complexity="1" crap="1" count="1"/>
      <line num="88" type="stmt" count="1"/>
      <line num="91" type="method" name="setDataImdbId" visibility="public" complexity="1" crap="1" count="1"/>
      <line num="93" type="stmt" count="1"/>
      <line num="95" type="stmt" count="1"/>
      <line num="98" type="method" name="getTitle" visibility="public" complexity="1" crap="1" count="1"/>
      <line num="100" type="stmt" count="1"/>
      <line num="103" type="method" name="setTitle" visibility="public" complexity="1" crap="1" count="1"/>
      <line num="105" type="stmt" count="1"/>
      <line num="107" type="stmt" count="1"/>
      <line num="110" type="method" name="getIsFilm" visibility="public" complexity="1" crap="1" count="1"/>
      <line num="112" type="stmt" count="1"/>
      <line num="115" type="method" name="setIsFilm" visibility="public" complexity="1" crap="1" count="1"/>
      <line num="117" type="stmt" count="1"/>
      <line num="119" type="stmt" count="1"/>
      <line num="122" type="method" name="getSynopsis" visibility="public" complexity="1" crap="1" count="1"/>
      <line num="124" type="stmt" count="1"/>
      <line num="127" type="method" name="setSynopsis" visibility="public" complexity="1" crap="1" count="1"/>
      <line num="129" type="stmt" count="1"/>
      <line num="131" type="stmt" count="1"/>
      <line num="134" type="method" name="getImageUrl" visibility="public" complexity="1" crap="1" count="1"/>
      <line num="136" type="stmt" count="1"/>
      <line num="139" type="method" name="setImageUrl" visibility="public" complexity="1" crap="1" count="1"/>
      <line num="141" type="stmt" count="1"/>
      <line num="143" type="stmt" count="1"/>
      <line num="146" type="method" name="getSeason" visibility="public" complexity="1" crap="1" count="1"/>
      <line num="148" type="stmt" count="1"/>
      <line num="151" type="method" name="setSeason" visibility="public" complexity="1" crap="1" count="1"/>
      <line num="153" type="stmt" count="1"/>
      <line num="155" type="stmt" count="1"/>
      <line num="158" type="method" name="getChapter" visibility="public" complexity="1" crap="1" count="1"/>
      <line num="160" type="stmt" count="1"/>
      <line num="163" type="method" name="setChapter" visibility="public" complexity="1" crap="1" count="1"/>
      <line num="165" type="stmt" count="1"/>
      <line num="167" type="stmt" count="1"/>
      <line num="170" type="method" name="getTime" visibility="public" complexity="1" crap="1" count="1"/>
      <line num="172" type="stmt" count="1"/>
      <line num="175" type="method" name="setTime" visibility="public" complexity="1" crap="1" count="1"/>
      <line num="177" type="stmt" count="1"/>
      <line num="179" type="stmt" count="1"/>
      <metrics loc="184" ncloc="131" classes="1" methods="17" coveredmethods="17" conditionals="0" coveredconditionals="0" statements="25" coveredstatements="25" elements="42" coveredelements="42"/>
    </file>
    <file name="D:\Proyectos\filmotek\src\Entity\SeriesList.php">
      <class name="App\Entity\SeriesList" namespace="global">
        <metrics complexity="8" methods="7" coveredmethods="7" conditionals="0" coveredconditionals="0" statements="12" coveredstatements="12" elements="19" coveredelements="19"/>
      </class>
      <line num="56" type="method" name="getId" visibility="public" complexity="1" crap="1" count="1"/>
      <line num="58" type="stmt" count="1"/>
      <line num="61" type="method" name="getType" visibility="public" complexity="1" crap="1" count="1"/>
      <line num="63" type="stmt" count="1"/>
      <line num="66" type="method" name="setType" visibility="public" complexity="2" crap="2" count="1"/>
      <line num="68" type="stmt" count="1"/>
      <line num="69" type="stmt" count="1"/>
      <line num="72" type="stmt" count="1"/>
      <line num="74" type="stmt" count="1"/>
      <line num="77" type="method" name="getSeries" visibility="public" complexity="1" crap="1" count="1"/>
      <line num="79" type="stmt" count="1"/>
      <line num="82" type="method" name="setSeries" visibility="public" complexity="1" crap="1" count="1"/>
      <line num="84" type="stmt" count="1"/>
      <line num="86" type="stmt" count="1"/>
      <line num="89" type="method" name="getUser" visibility="public" complexity="1" crap="1" count="1"/>
      <line num="91" type="stmt" count="1"/>
      <line num="94" type="method" name="setUser" visibility="public" complexity="1" crap="1" count="1"/>
      <line num="96" type="stmt" count="1"/>
      <line num="98" type="stmt" count="1"/>
      <metrics loc="103" ncloc="69" classes="1" methods="7" coveredmethods="7" conditionals="0" coveredconditionals="0" statements="12" coveredstatements="12" elements="19" coveredelements="19"/>
    </file>
    <file name="D:\Proyectos\filmotek\src\Entity\User.php">
      <class name="App\Entity\User" namespace="global">
        <metrics complexity="5" methods="5" coveredmethods="5" conditionals="0" coveredconditionals="0" statements="7" coveredstatements="7" elements="12" coveredelements="12"/>
      </class>
      <line num="48" type="method" name="getId" visibility="public" complexity="1" crap="1" count="1"/>
      <line num="50" type="stmt" count="1"/>
      <line num="53" type="method" name="getUsername" visibility="public" complexity="1" crap="1" count="1"/>
      <line num="55" type="stmt" count="1"/>
      <line num="58" type="method" name="setUsername" visibility="public" complexity="1" crap="1" count="1"/>
      <line num="60" type="stmt" count="1"/>
      <line num="62" type="stmt" count="1"/>
      <line num="65" type="method" name="getPassword" visibility="public" complexity="1" crap="1" count="1"/>
      <line num="67" type="stmt" count="1"/>
      <line num="70" type="method" name="setPassword" visibility="public" complexity="1" crap="1" count="1"/>
      <line num="72" type="stmt" count="1"/>
      <line num="74" type="stmt" count="1"/>
      <metrics loc="78" ncloc="52" classes="1" methods="5" coveredmethods="5" conditionals="0" coveredconditionals="0" statements="7" coveredstatements="7" elements="12" coveredelements="12"/>
    </file>
    <file name="D:\Proyectos\filmotek\src\Form\UserType.php">
      <class name="App\Form\UserType" namespace="global">
        <metrics complexity="2" methods="2" coveredmethods="0" conditionals="0" coveredconditionals="0" statements="3" coveredstatements="0" elements="5" coveredelements="0"/>
      </class>
      <line num="15" type="method" name="buildForm" visibility="public" complexity="1" crap="2" count="0"/>
      <line num="18" type="stmt" count="0"/>
      <line num="19" type="stmt" count="0"/>
      <line num="27" type="method" name="configureOptions" visibility="public" complexity="1" crap="2" count="0"/>
      <line num="29" type="stmt" count="0"/>
      <metrics loc="34" ncloc="34" classes="1" methods="2" coveredmethods="0" conditionals="0" coveredconditionals="0" statements="3" coveredstatements="0" elements="5" coveredelements="0"/>
    </file>
    <file name="D:\Proyectos\filmotek\src\Utility\Utils.php">
      <class name="App\Utility\Utils" namespace="global">
        <metrics complexity="4" methods="2" coveredmethods="0" conditionals="0" coveredconditionals="0" statements="12" coveredstatements="0" elements="14" coveredelements="0"/>
      </class>
      <line num="21" type="method" name="errorMessage" visibility="public" complexity="1" crap="2" count="0"/>
      <line num="23" type="stmt" count="0"/>
      <line num="27" type="stmt" count="0"/>
      <line num="38" type="method" name="apiResponse" visibility="public" complexity="3" crap="12" count="0"/>
      <line num="44" type="stmt" count="0"/>
      <line num="45" type="stmt" count="0"/>
      <line num="47" type="stmt" count="0"/>
      <line num="48" type="stmt" count="0"/>
      <line num="51" type="stmt" count="0"/>
      <line num="52" type="stmt" count="0"/>
      <line num="56" type="stmt" count="0"/>
      <line num="57" type="stmt" count="0"/>
      <line num="60" type="stmt" count="0"/>
      <line num="62" type="stmt" count="0"/>
      <metrics loc="64" ncloc="45" classes="1" methods="2" coveredmethods="0" conditionals="0" coveredconditionals="0" statements="12" coveredstatements="0" elements="14" coveredelements="0"/>
    </file>
    <metrics files="10" loc="830" ncloc="608" classes="10" methods="53" coveredmethods="45" conditionals="0" coveredconditionals="0" statements="124" coveredstatements="86" elements="177" coveredelements="131"/>
  </project>
</coverage>
